<?xml version="1.0" encoding="UTF-8"?>
<!-- Generated by org.testng.reporters.JUnitReportReporter -->
<testsuite hostname="LAPTOP-J6JSJEKO" failures="0" tests="1" name="resttesting.basicsget" time="11.257" errors="0" timestamp="2021-09-06T18:00:17 IST" skipped="0">
  <testcase classname="resttesting.basicsget" name="getAddress" time="11.257"/>
  <system-out/>
</testsuite> <!-- resttesting.basicsget -->
