<?xml version="1.0" encoding="UTF-8"?>
<!-- Generated by org.testng.reporters.JUnitReportReporter -->
<testsuite hostname="LAPTOP-J6JSJEKO" failures="0" tests="1" name="resttesting.parsingjson" time="2.894" errors="0" timestamp="2021-09-06T23:36:50 IST" skipped="0">
  <testcase classname="resttesting.parsingjson" name="testparsing" time="2.894"/>
  <system-out/>
</testsuite> <!-- resttesting.parsingjson -->
